Watching for file changes with StatReloader
[06/Jul/2021 17:43:04] "GET /blog/2/ HTTP/1.1" 200 11375
[06/Jul/2021 17:43:22] "GET /blog/2/ HTTP/1.1" 200 11375
[06/Jul/2021 17:44:26] "GET /blog/2/ HTTP/1.1" 200 11375
[06/Jul/2021 17:44:37] "GET /blog/2/ HTTP/1.1" 200 11375
Watching for file changes with StatReloader
[06/Jul/2021 18:24:48] "GET / HTTP/1.1" 200 318
[06/Jul/2021 18:24:51] "GET /blog/ HTTP/1.1" 200 14383
[06/Jul/2021 18:24:57] "GET /blog/ HTTP/1.1" 200 13927
[06/Jul/2021 18:24:57] "GET /static/blog/bootstrap/bootstrap.min.css HTTP/1.1" 200 155845
[06/Jul/2021 18:24:58] "GET /media/blog/images/2021/07/03/%EB%8B%A4%EC%9A%B4%EB%A1%9C%EB%93%9C.jpg HTTP/1.1" 200 4883
[06/Jul/2021 18:24:58] "GET /media/blog/images/2021/07/02/%EB%8B%A4%EC%9A%B4%EB%A1%9C%EB%93%9C.jpg HTTP/1.1" 200 7951
[06/Jul/2021 18:25:16] "GET /blog/ HTTP/1.1" 200 13927
[06/Jul/2021 18:25:16] "GET /static/blog/bootstrap/bootstrap.min.css HTTP/1.1" 200 155845
[06/Jul/2021 18:25:16] "GET /media/blog/images/2021/07/03/%EB%8B%A4%EC%9A%B4%EB%A1%9C%EB%93%9C.jpg HTTP/1.1" 200 4883
[06/Jul/2021 18:25:16] "GET /media/blog/images/2021/07/02/%EB%8B%A4%EC%9A%B4%EB%A1%9C%EB%93%9C.jpg HTTP/1.1" 200 7951
Not Found: /favicon.ico
[06/Jul/2021 18:25:18] "GET /favicon.ico HTTP/1.1" 404 2877
[06/Jul/2021 18:25:20] "GET /accounts/google/login/ HTTP/1.1" 302 0
[06/Jul/2021 18:25:24] "GET /accounts/google/login/callback/?state=7nEwEk1yAW1s&code=4%2F0AX4XfWhYBCc-LNTl69YZKTay4D_6kQGOuPGDwbLzJYWG7AXftAaedPAn91Publ3qtj8JvA&scope=email+profile+https%3A%2F%2Fwww.googleapis.com%2Fauth%2Fuserinfo.profile+https%3A%2F%2Fwww.googleapis.com%2Fauth%2Fuserinfo.email+openid&authuser=0&prompt=consent HTTP/1.1" 302 0
[06/Jul/2021 18:25:24] "GET /blog/ HTTP/1.1" 200 14234
[06/Jul/2021 18:25:30] "GET /blog/ HTTP/1.1" 200 14234
[06/Jul/2021 18:25:37] "GET /blog/ HTTP/1.1" 200 13927
Not Found: /favicon.ico
[06/Jul/2021 18:25:37] "GET /favicon.ico HTTP/1.1" 404 2877
[06/Jul/2021 18:25:40] "GET /blog/ HTTP/1.1" 200 13927
[06/Jul/2021 18:25:43] "GET /blog/category/%EB%AC%B8%ED%99%94-%EC%98%88%EC%88%A0/ HTTP/1.1" 200 10295
[06/Jul/2021 18:25:45] "GET /blog/ HTTP/1.1" 200 14383
[06/Jul/2021 18:25:46] "GET /blog/1/ HTTP/1.1" 200 11386
[06/Jul/2021 18:26:16] "GET /blog/ HTTP/1.1" 200 13927
[06/Jul/2021 18:26:20] "GET /blog/category/%EB%AC%B8%ED%99%94-%EC%98%88%EC%88%A0/ HTTP/1.1" 200 10295
[06/Jul/2021 18:26:22] "GET /blog/category/no_category/ HTTP/1.1" 200 8632
[06/Jul/2021 18:26:25] "GET /blog/category/%ED%94%84%EB%A1%9C%EA%B7%B8%EB%9E%98%EB%B0%8D/ HTTP/1.1" 200 10616
[06/Jul/2021 18:26:29] "GET /blog/category/%ED%94%84%EB%A1%9C%EA%B7%B8%EB%9E%98%EB%B0%8D/ HTTP/1.1" 200 10616
[06/Jul/2021 18:26:33] "GET /blog/2/ HTTP/1.1" 200 8628
[06/Jul/2021 18:26:57] "GET /blog/ HTTP/1.1" 200 14234
[06/Jul/2021 18:27:01] "GET /blog/6/ HTTP/1.1" 200 9636
[06/Jul/2021 18:27:08] "GET /blog/ HTTP/1.1" 200 13927
[06/Jul/2021 18:28:08] "GET /blog/ HTTP/1.1" 200 13927
[06/Jul/2021 18:28:20] "GET /blog/ HTTP/1.1" 200 13927
[06/Jul/2021 18:28:34] "POST /blog/6/new_comment/ HTTP/1.1" 302 0
[06/Jul/2021 18:28:35] "GET /blog/6/ HTTP/1.1" 200 10444
[06/Jul/2021 18:28:45] "GET / HTTP/1.1" 200 318
[06/Jul/2021 18:28:47] "GET / HTTP/1.1" 200 318
[06/Jul/2021 18:29:01] "GET /blog/6/ HTTP/1.1" 200 10647
[06/Jul/2021 18:39:38] "GET /blog/6/ HTTP/1.1" 200 10647
[06/Jul/2021 18:43:29] "POST /blog/6/new_comment/ HTTP/1.1" 302 0
[06/Jul/2021 18:43:29] "GET /blog/6/ HTTP/1.1" 200 11232
[06/Jul/2021 18:43:37] "GET /blog/6/ HTTP/1.1" 200 11232
[06/Jul/2021 18:46:45] "GET /blog/ HTTP/1.1" 200 13927
[06/Jul/2021 18:47:25] "GET /accounts/google/login/ HTTP/1.1" 302 0
[06/Jul/2021 18:48:13] "GET /blog/ HTTP/1.1" 200 13927
[06/Jul/2021 18:48:20] "GET /blog/tag/python_kor/ HTTP/1.1" 200 11568
[06/Jul/2021 19:07:31] "GET /blog/ HTTP/1.1" 200 13927
[06/Jul/2021 19:19:18] "GET /blog/category/%ED%94%84%EB%A1%9C%EA%B7%B8%EB%9E%98%EB%B0%8D/ HTTP/1.1" 200 10923
[06/Jul/2021 20:51:48] "GET /blog/ HTTP/1.1" 200 13927
